#
# There is insufficient memory for the Java Runtime Environment to continue.
# Native memory allocation (malloc) failed to allocate 1178368 bytes for Chunk::new
# Possible reasons:
#   The system is out of physical RAM or swap space
#   In 32 bit mode, the process size limit was hit
# Possible solutions:
#   Reduce memory load on the system
#   Increase physical memory or swap space
#   Check if swap backing store is full
#   Use 64 bit Java on a 64 bit OS
#   Decrease Java heap size (-Xmx/-Xms)
#   Decrease number of Java threads
#   Decrease Java thread stack sizes (-Xss)
#   Set larger code cache with -XX:ReservedCodeCacheSize=
# This output file may be truncated or incomplete.
#
#  Out of Memory Error (allocation.cpp:390), pid=29948, tid=0x00000000000062dc
#
# JRE version: Java(TM) SE Runtime Environment (8.0_131-b11) (build 1.8.0_131-b11)
# Java VM: Java HotSpot(TM) 64-Bit Server VM (25.131-b11 mixed mode windows-amd64 compressed oops)
# Failed to write core dump. Minidumps are not enabled by default on client versions of Windows
#

---------------  T H R E A D  ---------------

Current thread (0x000000001ed24000):  JavaThread "C2 CompilerThread0" daemon [_thread_in_native, id=25308, stack(0x00000000207a0000,0x00000000208a0000)]

Stack: [0x00000000207a0000,0x00000000208a0000]
[error occurred during error reporting (printing stack bounds), id 0xc0000005]

Native frames: (J=compiled Java code, j=interpreted, Vv=VM code, C=native code)


Current CompileTask:
C2:  20093 5236       4       org.aspectj.weaver.ReferenceType::getDeclaredInterfaces (396 bytes)


---------------  P R O C E S S  ---------------

Java Threads: ( => current thread )
  0x0000000020282000 JavaThread "I/O dispatcher 4" [_thread_in_native, id=17700, stack(0x000000002a7d0000,0x000000002a8d0000)]
  0x0000000020281000 JavaThread "I/O dispatcher 3" [_thread_in_native, id=28696, stack(0x000000002a6d0000,0x000000002a7d0000)]
  0x0000000020280800 JavaThread "I/O dispatcher 2" [_thread_in_native, id=21592, stack(0x000000002a5d0000,0x000000002a6d0000)]
  0x0000000026bd2000 JavaThread "I/O dispatcher 1" [_thread_in_native, id=22688, stack(0x000000002a4d0000,0x000000002a5d0000)]
  0x0000000022263000 JavaThread "pool-1-thread-1" [_thread_in_native, id=8068, stack(0x0000000027fe0000,0x00000000280e0000)]
  0x0000000023617000 JavaThread "lettuce-timer-3-1" [_thread_blocked, id=29220, stack(0x0000000027600000,0x0000000027700000)]
  0x00000000202c7000 JavaThread "mysql-cj-abandoned-connection-cleanup" daemon [_thread_blocked, id=6928, stack(0x00000000271b0000,0x00000000272b0000)]
  0x0000000020153000 JavaThread "Service Thread" daemon [_thread_blocked, id=27500, stack(0x0000000020aa0000,0x0000000020ba0000)]
  0x0000000020146800 JavaThread "C1 CompilerThread2" daemon [_thread_blocked, id=30340, stack(0x00000000209a0000,0x0000000020aa0000)]
  0x000000001ed27000 JavaThread "C2 CompilerThread1" daemon [_thread_in_native, id=30628, stack(0x00000000208a0000,0x00000000209a0000)]
=>0x000000001ed24000 JavaThread "C2 CompilerThread0" daemon [_thread_in_native, id=25308, stack(0x00000000207a0000,0x00000000208a0000)]
  0x000000001ed21800 JavaThread "Monitor Ctrl-Break" daemon [_thread_in_native, id=25596, stack(0x00000000206a0000,0x00000000207a0000)]
  0x00000000200e3800 JavaThread "Attach Listener" daemon [_thread_blocked, id=30496, stack(0x00000000205a0000,0x00000000206a0000)]
  0x000000001ece7800 JavaThread "Signal Dispatcher" daemon [_thread_blocked, id=27936, stack(0x00000000204a0000,0x00000000205a0000)]
  0x000000001ecbf800 JavaThread "Finalizer" daemon [_thread_blocked, id=12236, stack(0x000000001ff40000,0x0000000020040000)]
  0x000000001ec99000 JavaThread "Reference Handler" daemon [_thread_blocked, id=2892, stack(0x000000001fe40000,0x000000001ff40000)]
  0x00000000054c3800 JavaThread "main" [_thread_in_Java, id=11448, stack(0x00000000053c0000,0x00000000054c0000)]

Other Threads:
  0x000000001ec97800 VMThread [stack: 0x000000001fd40000,0x000000001fe40000] [id=17464]
  0x0000000020151000 WatcherThread [stack: 0x0000000020ba0000,0x0000000020ca0000] [id=22592]

VM state:not at safepoint (normal execution)

VM Mutex/Monitor currently owned by a thread: None

Heap:
 PSYoungGen      total 222208K, used 133505K [0x000000076b180000, 0x000000077e600000, 0x00000007c0000000)
  eden space 210432K, 63% used [0x000000076b180000,0x00000007733e0540,0x0000000777f00000)
  from space 11776K, 0% used [0x0000000777f00000,0x0000000777f00000,0x0000000778a80000)
  to   space 20480K, 0% used [0x000000077d200000,0x000000077d200000,0x000000077e600000)
 ParOldGen       total 117760K, used 31270K [0x00000006c1400000, 0x00000006c8700000, 0x000000076b180000)
  object space 117760K, 26% used [0x00000006c1400000,0x00000006c3289bd8,0x00000006c8700000)
 Metaspace       used 59643K, capacity 64234K, committed 64424K, reserved 1105920K
  class space    used 7936K, capacity 8771K, committed 8880K, reserved 1048576K

Card table byte_map: [0x0000000014a80000,0x0000000015280000] byte_map_base: 0x0000000011476000

Marking Bits: (ParMarkBitMap*) 0x00000000726fc720
 Begin Bits: [0x0000000015bd0000, 0x0000000019b80000)
 End Bits:   [0x0000000019b80000, 0x000000001db30000)

Polling page: 0x0000000003260000

CodeCache: size=245760Kb used=18737Kb max_used=18782Kb free=227022Kb
 bounds [0x00000000056c0000, 0x0000000006930000, 0x00000000146c0000]
 total_blobs=5517 nmethods=4991 adapters=437
 compilation: enabled

Compilation events (10 events):
Event: 20.063 Thread 0x0000000020146800 5527       2       java.util.TreeMap::getEntryUsingComparator (74 bytes)
Event: 20.064 Thread 0x0000000020146800 nmethod 5527 0x00000000068f10d0 code [0x00000000068f1240, 0x00000000068f14a8]
Event: 20.070 Thread 0x0000000020146800 5528       2       java.lang.String$CaseInsensitiveComparator::compare (111 bytes)
Event: 20.071 Thread 0x0000000020146800 nmethod 5528 0x00000000068ef090 code [0x00000000068ef280, 0x00000000068ef7b8]
Event: 20.074 Thread 0x0000000020146800 5529       2       java.lang.String$CaseInsensitiveComparator::compare (13 bytes)
Event: 20.075 Thread 0x0000000020146800 nmethod 5529 0x00000000068f0cd0 code [0x00000000068f0e40, 0x00000000068f1008]
Event: 20.079 Thread 0x0000000020146800 5530       1       java.util.TreeMap$Entry::getKey (5 bytes)
Event: 20.079 Thread 0x0000000020146800 nmethod 5530 0x00000000068ee990 code [0x00000000068eeae0, 0x00000000068eebf0]
Event: 20.079 Thread 0x0000000020146800 5531       1       java.util.TreeMap$Entry::getValue (5 bytes)
Event: 20.079 Thread 0x0000000020146800 nmethod 5531 0x00000000068ee6d0 code [0x00000000068ee820, 0x00000000068ee930]

GC Heap History (10 events):
Event: 8.273 GC heap before
{Heap before GC invocations=8 (full 2):
 PSYoungGen      total 222720K, used 6936K [0x000000076b180000, 0x000000077a100000, 0x00000007c0000000)
  eden space 210432K, 0% used [0x000000076b180000,0x000000076b180000,0x0000000777f00000)
  from space 12288K, 56% used [0x0000000778a80000,0x0000000779146300,0x0000000779680000)
  to   space 11776K, 0% used [0x0000000777f00000,0x0000000777f00000,0x0000000778a80000)
 ParOldGen       total 82432K, used 5859K [0x00000006c1400000, 0x00000006c6480000, 0x000000076b180000)
  object space 82432K, 7% used [0x00000006c1400000,0x00000006c19b8c58,0x00000006c6480000)
 Metaspace       used 33248K, capacity 35422K, committed 35496K, reserved 1079296K
  class space    used 4371K, capacity 4765K, committed 4784K, reserved 1048576K
Event: 8.397 GC heap after
Heap after GC invocations=8 (full 2):
 PSYoungGen      total 222720K, used 0K [0x000000076b180000, 0x000000077a100000, 0x00000007c0000000)
  eden space 210432K, 0% used [0x000000076b180000,0x000000076b180000,0x0000000777f00000)
  from space 12288K, 0% used [0x0000000778a80000,0x0000000778a80000,0x0000000779680000)
  to   space 11776K, 0% used [0x0000000777f00000,0x0000000777f00000,0x0000000778a80000)
 ParOldGen       total 117760K, used 12077K [0x00000006c1400000, 0x00000006c8700000, 0x000000076b180000)
  object space 117760K, 10% used [0x00000006c1400000,0x00000006c1fcb530,0x00000006c8700000)
 Metaspace       used 33248K, capacity 35422K, committed 35496K, reserved 1079296K
  class space    used 4371K, capacity 4765K, committed 4784K, reserved 1048576K
}
Event: 11.998 GC heap before
{Heap before GC invocations=9 (full 2):
 PSYoungGen      total 222720K, used 210432K [0x000000076b180000, 0x000000077a100000, 0x00000007c0000000)
  eden space 210432K, 100% used [0x000000076b180000,0x0000000777f00000,0x0000000777f00000)
  from space 12288K, 0% used [0x0000000778a80000,0x0000000778a80000,0x0000000779680000)
  to   space 11776K, 0% used [0x0000000777f00000,0x0000000777f00000,0x0000000778a80000)
 ParOldGen       total 117760K, used 12077K [0x00000006c1400000, 0x00000006c8700000, 0x000000076b180000)
  object space 117760K, 10% used [0x00000006c1400000,0x00000006c1fcb530,0x00000006c8700000)
 Metaspace       used 44495K, capacity 47256K, committed 47400K, reserved 1089536K
  class space    used 5861K, capacity 6372K, committed 6448K, reserved 1048576K
Event: 12.043 GC heap after
Heap after GC invocations=9 (full 2):
 PSYoungGen      total 222208K, used 11769K [0x000000076b180000, 0x000000077a100000, 0x00000007c0000000)
  eden space 210432K, 0% used [0x000000076b180000,0x000000076b180000,0x0000000777f00000)
  from space 11776K, 99% used [0x0000000777f00000,0x0000000778a7e698,0x0000000778a80000)
  to   space 12288K, 0% used [0x0000000778a80000,0x0000000778a80000,0x0000000779680000)
 ParOldGen       total 117760K, used 14563K [0x00000006c1400000, 0x00000006c8700000, 0x000000076b180000)
  object space 117760K, 12% used [0x00000006c1400000,0x00000006c2238db8,0x00000006c8700000)
 Metaspace       used 44495K, capacity 47256K, committed 47400K, reserved 1089536K
  class space    used 5861K, capacity 6372K, committed 6448K, reserved 1048576K
}
Event: 15.029 GC heap before
{Heap before GC invocations=10 (full 2):
 PSYoungGen      total 222208K, used 222201K [0x000000076b180000, 0x000000077a100000, 0x00000007c0000000)
  eden space 210432K, 100% used [0x000000076b180000,0x0000000777f00000,0x0000000777f00000)
  from space 11776K, 99% used [0x0000000777f00000,0x0000000778a7e698,0x0000000778a80000)
  to   space 12288K, 0% used [0x0000000778a80000,0x0000000778a80000,0x0000000779680000)
 ParOldGen       total 117760K, used 14563K [0x00000006c1400000, 0x00000006c8700000, 0x000000076b180000)
  object space 117760K, 12% used [0x00000006c1400000,0x00000006c2238db8,0x00000006c8700000)
 Metaspace       used 48868K, capacity 52396K, committed 52648K, reserved 1095680K
  class space    used 6485K, capacity 7086K, committed 7088K, reserved 1048576K
Event: 15.056 GC heap after
Heap after GC invocations=10 (full 2):
 PSYoungGen      total 222720K, used 12277K [0x000000076b180000, 0x000000077a100000, 0x00000007c0000000)
  eden space 210432K, 0% used [0x000000076b180000,0x000000076b180000,0x0000000777f00000)
  from space 12288K, 99% used [0x0000000778a80000,0x000000077967d6b8,0x0000000779680000)
  to   space 11776K, 0% used [0x0000000777f00000,0x0000000777f00000,0x0000000778a80000)
 ParOldGen       total 117760K, used 18967K [0x00000006c1400000, 0x00000006c8700000, 0x000000076b180000)
  object space 117760K, 16% used [0x00000006c1400000,0x00000006c2685cd0,0x00000006c8700000)
 Metaspace       used 48868K, capacity 52396K, committed 52648K, reserved 1095680K
  class space    used 6485K, capacity 7086K, committed 7088K, reserved 1048576K
}
Event: 17.717 GC heap before
{Heap before GC invocations=11 (full 2):
 PSYoungGen      total 222720K, used 107855K [0x000000076b180000, 0x000000077a100000, 0x00000007c0000000)
  eden space 210432K, 45% used [0x000000076b180000,0x0000000770ed6670,0x0000000777f00000)
  from space 12288K, 99% used [0x0000000778a80000,0x000000077967d6b8,0x0000000779680000)
  to   space 11776K, 0% used [0x0000000777f00000,0x0000000777f00000,0x0000000778a80000)
 ParOldGen       total 117760K, used 18967K [0x00000006c1400000, 0x00000006c8700000, 0x000000076b180000)
  object space 117760K, 16% used [0x00000006c1400000,0x00000006c2685cd0,0x00000006c8700000)
 Metaspace       used 55298K, capacity 59078K, committed 59160K, reserved 1099776K
  class space    used 7354K, capacity 8081K, committed 8112K, reserved 1048576K
Event: 17.767 GC heap after
Heap after GC invocations=11 (full 2):
 PSYoungGen      total 222208K, used 11744K [0x000000076b180000, 0x000000077e600000, 0x00000007c0000000)
  eden space 210432K, 0% used [0x000000076b180000,0x000000076b180000,0x0000000777f00000)
  from space 11776K, 99% used [0x0000000777f00000,0x0000000778a78050,0x0000000778a80000)
  to   space 20480K, 0% used [0x000000077d200000,0x000000077d200000,0x000000077e600000)
 ParOldGen       total 117760K, used 27204K [0x00000006c1400000, 0x00000006c8700000, 0x000000076b180000)
  object space 117760K, 23% used [0x00000006c1400000,0x00000006c2e912e0,0x00000006c8700000)
 Metaspace       used 55298K, capacity 59078K, committed 59160K, reserved 1099776K
  class space    used 7354K, capacity 8081K, committed 8112K, reserved 1048576K
}
Event: 17.767 GC heap before
{Heap before GC invocations=12 (full 3):
 PSYoungGen      total 222208K, used 11744K [0x000000076b180000, 0x000000077e600000, 0x00000007c0000000)
  eden space 210432K, 0% used [0x000000076b180000,0x000000076b180000,0x0000000777f00000)
  from space 11776K, 99% used [0x0000000777f00000,0x0000000778a78050,0x0000000778a80000)
  to   space 20480K, 0% used [0x000000077d200000,0x000000077d200000,0x000000077e600000)
 ParOldGen       total 117760K, used 27204K [0x00000006c1400000, 0x00000006c8700000, 0x000000076b180000)
  object space 117760K, 23% used [0x00000006c1400000,0x00000006c2e912e0,0x00000006c8700000)
 Metaspace       used 55298K, capacity 59078K, committed 59160K, reserved 1099776K
  class space    used 7354K, capacity 8081K, committed 8112K, reserved 1048576K
Event: 18.138 GC heap after
Heap after GC invocations=12 (full 3):
 PSYoungGen      total 222208K, used 0K [0x000000076b180000, 0x000000077e600000, 0x00000007c0000000)
  eden space 210432K, 0% used [0x000000076b180000,0x000000076b180000,0x0000000777f00000)
  from space 11776K, 0% used [0x0000000777f00000,0x0000000777f00000,0x0000000778a80000)
  to   space 20480K, 0% used [0x000000077d200000,0x000000077d200000,0x000000077e600000)
 ParOldGen       total 117760K, used 31270K [0x00000006c1400000, 0x00000006c8700000, 0x000000076b180000)
  object space 117760K, 26% used [0x00000006c1400000,0x00000006c3289bd8,0x00000006c8700000)
 Metaspace       used 55298K, capacity 59078K, committed 59160K, reserved 1099776K
  class space    used 7354K, capacity 8081K, committed 8112K, reserved 1048576K
}

Deoptimization events (10 events):
Event: 19.105 Thread 0x00000000054c3800 Uncommon trap: reason=bimorphic action=maybe_recompile pc=0x0000000006137fac method=java.util.Collections$SetFromMap.contains(Ljava/lang/Object;)Z @ 5
Event: 19.106 Thread 0x00000000054c3800 Uncommon trap: reason=bimorphic action=maybe_recompile pc=0x0000000006137fac method=java.util.Collections$SetFromMap.contains(Ljava/lang/Object;)Z @ 5
Event: 19.297 Thread 0x00000000054c3800 Uncommon trap: reason=bimorphic action=maybe_recompile pc=0x0000000005c30fec method=org.aspectj.weaver.World.resolve(Lorg/aspectj/weaver/ResolvedType;)Lorg/aspectj/weaver/ResolvedType; @ 14
Event: 19.297 Thread 0x00000000054c3800 Uncommon trap: reason=bimorphic action=maybe_recompile pc=0x0000000005c30fec method=org.aspectj.weaver.World.resolve(Lorg/aspectj/weaver/ResolvedType;)Lorg/aspectj/weaver/ResolvedType; @ 14
Event: 19.297 Thread 0x00000000054c3800 Uncommon trap: reason=bimorphic action=maybe_recompile pc=0x0000000005c30fec method=org.aspectj.weaver.World.resolve(Lorg/aspectj/weaver/ResolvedType;)Lorg/aspectj/weaver/ResolvedType; @ 14
Event: 19.297 Thread 0x00000000054c3800 Uncommon trap: reason=bimorphic action=maybe_recompile pc=0x0000000005c30fec method=org.aspectj.weaver.World.resolve(Lorg/aspectj/weaver/ResolvedType;)Lorg/aspectj/weaver/ResolvedType; @ 14
Event: 19.512 Thread 0x00000000054c3800 Uncommon trap: reason=bimorphic action=maybe_recompile pc=0x000000000688bf6c method=com.sun.beans.TypeResolver.resolve(Ljava/lang/reflect/Type;Ljava/lang/reflect/Type;)Ljava/lang/reflect/Type; @ 225
Event: 19.684 Thread 0x0000000022263000 Uncommon trap: reason=unstable_if action=reinterpret pc=0x0000000005eab10c method=java.util.HashMap$HashIterator.<init>(Ljava/util/HashMap;)V @ 45
Event: 20.016 Thread 0x00000000054c3800 Uncommon trap: reason=unstable_if action=reinterpret pc=0x0000000005fc6c08 method=jdk.internal.org.objectweb.asm.Type.getArgumentsAndReturnSizes(Ljava/lang/String;)I @ 41
Event: 20.053 Thread 0x00000000054c3800 Uncommon trap: reason=predicate action=maybe_recompile pc=0x0000000005860d40 method=java.util.ArrayList.batchRemove(Ljava/util/Collection;Z)Z @ 23

Internal exceptions (10 events):
Event: 19.672 Thread 0x00000000054c3800 Exception <a 'java/lang/ClassNotFoundException': org/springframework/web/context/ServletContextAwareCustomizer> (0x0000000771fdb558) thrown at [C:\re\workspace\8-2-build-windows-amd64-cygwin\jdk8u131\8869\hotspot\src\share\vm\classfile\systemDictionary.cp
Event: 19.673 Thread 0x00000000054c3800 Exception <a 'java/lang/ClassNotFoundException': org/springframework/beans/factory/AwareCustomizer> (0x0000000772001c18) thrown at [C:\re\workspace\8-2-build-windows-amd64-cygwin\jdk8u131\8869\hotspot\src\share\vm\classfile\systemDictionary.cpp, line 210]
Event: 19.674 Thread 0x00000000054c3800 Exception <a 'java/lang/ClassNotFoundException': org/springframework/beans/factory/InitializingBeanCustomizer> (0x000000077202d008) thrown at [C:\re\workspace\8-2-build-windows-amd64-cygwin\jdk8u131\8869\hotspot\src\share\vm\classfile\systemDictionary.cpp
Event: 19.676 Thread 0x00000000054c3800 Exception <a 'java/lang/ClassNotFoundException': org/springframework/beans/factory/DisposableBeanCustomizer> (0x00000007720c8d70) thrown at [C:\re\workspace\8-2-build-windows-amd64-cygwin\jdk8u131\8869\hotspot\src\share\vm\classfile\systemDictionary.cpp, 
Event: 19.703 Thread 0x00000000054c3800 Exception <a 'java/lang/ClassNotFoundException': java/lang/ObjectCustomizer> (0x000000077213fc60) thrown at [C:\re\workspace\8-2-build-windows-amd64-cygwin\jdk8u131\8869\hotspot\src\share\vm\classfile\systemDictionary.cpp, line 210]
Event: 19.705 Thread 0x00000000054c3800 Exception <a 'java/lang/ClassNotFoundException': org/springframework/web/multipart/support/StandardServletMultipartResolverCustomizer> (0x000000077217aa48) thrown at [C:\re\workspace\8-2-build-windows-amd64-cygwin\jdk8u131\8869\hotspot\src\share\vm\classf
Event: 19.707 Thread 0x00000000054c3800 Exception <a 'java/lang/ClassNotFoundException': org/springframework/web/multipart/MultipartResolverCustomizer> (0x00000007721ab808) thrown at [C:\re\workspace\8-2-build-windows-amd64-cygwin\jdk8u131\8869\hotspot\src\share\vm\classfile\systemDictionary.cp
Event: 19.780 Thread 0x00000000054c3800 Exception <a 'java/lang/ClassNotFoundException': java/lang/ObjectCustomizer> (0x0000000772444ed0) thrown at [C:\re\workspace\8-2-build-windows-amd64-cygwin\jdk8u131\8869\hotspot\src\share\vm\classfile\systemDictionary.cpp, line 210]
Event: 19.781 Thread 0x00000000054c3800 Exception <a 'java/lang/ClassNotFoundException': org/springframework/kafka/listener/ConsumerPropertiesCustomizer> (0x00000007724751a8) thrown at [C:\re\workspace\8-2-build-windows-amd64-cygwin\jdk8u131\8869\hotspot\src\share\vm\classfile\systemDictionary.
Event: 19.783 Thread 0x00000000054c3800 Exception <a 'java/lang/ClassNotFoundException': org/springframework/kafka/listener/ContainerPropertiesCustomizer> (0x00000007724cd650) thrown at [C:\re\workspace\8-2-build-windows-amd64-cygwin\jdk8u131\8869\hotspot\src\share\vm\classfile\systemDictionary

Events (10 events):
Event: 20.078 loading class com/sun/management/GcInfo done
Event: 20.079 loading class javax/management/openmbean/TabularType
Event: 20.079 loading class javax/management/openmbean/TabularType done
Event: 20.079 loading class com/sun/jmx/mbeanserver/DefaultMXBeanMappingFactory$TabularMapping
Event: 20.080 loading class com/sun/jmx/mbeanserver/DefaultMXBeanMappingFactory$TabularMapping done
Event: 20.080 loading class javax/management/DescriptorKey
Event: 20.080 loading class javax/management/DescriptorKey done
Event: 20.083 loading class java/lang/management/MemoryPoolMXBean
Event: 20.083 loading class java/lang/management/MemoryPoolMXBean done
Event: 20.083 loading class sun/management/MemoryPoolImpl


Dynamic libraries:
0x00007ff646570000 - 0x00007ff6465a7000 	E:\MyPrograms\Java\jdk1.8.0_131\bin\java.exe
0x00007ffa832d0000 - 0x00007ffa834b0000 	C:\WINDOWS\SYSTEM32\ntdll.dll
0x00007ffa81910000 - 0x00007ffa819be000 	C:\WINDOWS\System32\KERNEL32.DLL
0x00007ffa7f970000 - 0x00007ffa7fbd6000 	C:\WINDOWS\System32\KERNELBASE.dll
0x00007ffa809d0000 - 0x00007ffa80a71000 	C:\WINDOWS\System32\ADVAPI32.dll
0x00007ffa81870000 - 0x00007ffa8190d000 	C:\WINDOWS\System32\msvcrt.dll
0x00007ffa80cf0000 - 0x00007ffa80d4b000 	C:\WINDOWS\System32\sechost.dll
0x00007ffa80a80000 - 0x00007ffa80b9f000 	C:\WINDOWS\System32\RPCRT4.dll
0x00007ffa82e00000 - 0x00007ffa82f8f000 	C:\WINDOWS\System32\USER32.dll
0x00007ffa80780000 - 0x00007ffa807a0000 	C:\WINDOWS\System32\win32u.dll
0x00007ffa81110000 - 0x00007ffa81138000 	C:\WINDOWS\System32\GDI32.dll
0x00007ffa7f6d0000 - 0x00007ffa7f863000 	C:\WINDOWS\System32\gdi32full.dll
0x00007ffa7f8d0000 - 0x00007ffa7f96b000 	C:\WINDOWS\System32\msvcp_win.dll
0x00007ffa80460000 - 0x00007ffa80554000 	C:\WINDOWS\System32\ucrtbase.dll
0x00007ffa6ea00000 - 0x00007ffa6ec69000 	C:\WINDOWS\WinSxS\amd64_microsoft.windows.common-controls_6595b64144ccf1df_6.0.16299.2166_none_0f8e8cac5a673ae0\COMCTL32.dll
0x00007ffa82f90000 - 0x00007ffa83296000 	C:\WINDOWS\System32\combase.dll
0x00007ffa803e0000 - 0x00007ffa80458000 	C:\WINDOWS\System32\bcryptPrimitives.dll
0x00007ffa80d60000 - 0x00007ffa80d8d000 	C:\WINDOWS\System32\IMM32.DLL
0x0000000072780000 - 0x0000000072852000 	E:\MyPrograms\Java\jdk1.8.0_131\jre\bin\msvcr100.dll
0x0000000071ee0000 - 0x000000007277c000 	E:\MyPrograms\Java\jdk1.8.0_131\jre\bin\server\jvm.dll
0x00007ffa807a0000 - 0x00007ffa807a8000 	C:\WINDOWS\System32\PSAPI.DLL
0x00007ffa70e90000 - 0x00007ffa70e99000 	C:\WINDOWS\SYSTEM32\WSOCK32.dll
0x00007ffa7bea0000 - 0x00007ffa7bec3000 	C:\WINDOWS\SYSTEM32\WINMM.dll
0x00007ffa80f80000 - 0x00007ffa80fec000 	C:\WINDOWS\System32\WS2_32.dll
0x00007ffa72170000 - 0x00007ffa7217a000 	C:\WINDOWS\SYSTEM32\VERSION.dll
0x00007ffa7be70000 - 0x00007ffa7be9a000 	C:\WINDOWS\SYSTEM32\WINMMBASE.dll
0x00007ffa80730000 - 0x00007ffa8077a000 	C:\WINDOWS\System32\cfgmgr32.dll
0x0000000071ed0000 - 0x0000000071edf000 	E:\MyPrograms\Java\jdk1.8.0_131\jre\bin\verify.dll
0x0000000071ea0000 - 0x0000000071ec9000 	E:\MyPrograms\Java\jdk1.8.0_131\jre\bin\java.dll
0x0000000072af0000 - 0x0000000072b13000 	E:\MyPrograms\Java\jdk1.8.0_131\jre\bin\instrument.dll
0x0000000071e80000 - 0x0000000071e96000 	E:\MyPrograms\Java\jdk1.8.0_131\jre\bin\zip.dll
0x00007ffa819c0000 - 0x00007ffa82dfe000 	C:\WINDOWS\System32\SHELL32.dll
0x00007ffa807b0000 - 0x00007ffa80856000 	C:\WINDOWS\System32\shcore.dll
0x00007ffa7fc90000 - 0x00007ffa803dd000 	C:\WINDOWS\System32\windows.storage.dll
0x00007ffa812e0000 - 0x00007ffa81331000 	C:\WINDOWS\System32\shlwapi.dll
0x00007ffa7f6b0000 - 0x00007ffa7f6c1000 	C:\WINDOWS\System32\kernel.appcore.dll
0x00007ffa7f620000 - 0x00007ffa7f66c000 	C:\WINDOWS\System32\powrprof.dll
0x00007ffa7f690000 - 0x00007ffa7f6ab000 	C:\WINDOWS\System32\profapi.dll
0x00007ffa70d90000 - 0x00007ffa70daa000 	E:\idea\bin\breakgen64.dll
0x0000000071e60000 - 0x0000000071e7a000 	E:\MyPrograms\Java\jdk1.8.0_131\jre\bin\net.dll
0x00007ffa7ee90000 - 0x00007ffa7eef6000 	C:\WINDOWS\system32\mswsock.dll
0x0000000071d60000 - 0x0000000071d6d000 	E:\MyPrograms\Java\jdk1.8.0_131\jre\bin\management.dll
0x00007ffa612e0000 - 0x00007ffa6132b000 	C:\Program Files (x86)\Sangfor\SSL\ClientComponent\2_SangforNspX64.dll
0x00007ffa80ba0000 - 0x00007ffa80cea000 	C:\WINDOWS\System32\ole32.dll
0x00007ffa81350000 - 0x00007ffa81415000 	C:\WINDOWS\System32\OLEAUT32.dll
0x00007ffa612c0000 - 0x00007ffa612d6000 	C:\WINDOWS\system32\Elkns.dll
0x00007ffa61200000 - 0x00007ffa61216000 	C:\WINDOWS\system32\napinsp.dll
0x00007ffa611e0000 - 0x00007ffa611fa000 	C:\WINDOWS\system32\pnrpnsp.dll
0x00007ffa7c2e0000 - 0x00007ffa7c2f8000 	C:\WINDOWS\system32\NLAapi.dll
0x00007ffa7ec20000 - 0x00007ffa7ecd7000 	C:\WINDOWS\SYSTEM32\DNSAPI.dll
0x00007ffa80d50000 - 0x00007ffa80d58000 	C:\WINDOWS\System32\NSI.dll
0x00007ffa7ebe0000 - 0x00007ffa7ec19000 	C:\WINDOWS\SYSTEM32\IPHLPAPI.DLL
0x00007ffa611d0000 - 0x00007ffa611de000 	C:\WINDOWS\System32\winrnr.dll
0x00007ffa611b0000 - 0x00007ffa611c5000 	C:\WINDOWS\System32\wshbth.dll
0x00007ffa76d00000 - 0x00007ffa76d0a000 	C:\Windows\System32\rasadhlp.dll
0x00007ffa77120000 - 0x00007ffa77190000 	C:\WINDOWS\System32\fwpuclnt.dll
0x00007ffa7f160000 - 0x00007ffa7f185000 	C:\WINDOWS\SYSTEM32\bcrypt.dll
0x0000000071e40000 - 0x0000000071e51000 	E:\MyPrograms\Java\jdk1.8.0_131\jre\bin\nio.dll
0x0000000071af0000 - 0x0000000071b14000 	E:\MyPrograms\Java\jdk1.8.0_131\jre\bin\sunec.dll
0x00007ffa79300000 - 0x00007ffa79316000 	C:\WINDOWS\SYSTEM32\dhcpcsvc6.DLL
0x00007ffa79290000 - 0x00007ffa792aa000 	C:\WINDOWS\SYSTEM32\dhcpcsvc.DLL
0x00007ffa7f050000 - 0x00007ffa7f067000 	C:\WINDOWS\SYSTEM32\CRYPTSP.dll
0x00007ffa7ea50000 - 0x00007ffa7ea83000 	C:\WINDOWS\system32\rsaenh.dll
0x00007ffa7f550000 - 0x00007ffa7f579000 	C:\WINDOWS\SYSTEM32\USERENV.dll
0x00007ffa7f070000 - 0x00007ffa7f07b000 	C:\WINDOWS\SYSTEM32\CRYPTBASE.dll

VM Arguments:
jvm_args: -ea -Didea.test.cyclic.buffer.size=1048576 -javaagent:E:\idea\lib\idea_rt.jar=10443:E:\idea\bin -Dfile.encoding=UTF-8 
java_command: com.intellij.rt.execution.junit.JUnitStarter -ideVersion5 -junit5 tech.turl.community.ElasticsearchTests,testSearchByRepository
java_class_path (initial): E:\idea\lib\idea_rt.jar;E:\idea\plugins\junit\lib\junit-rt.jar;E:\idea\plugins\junit\lib\junit5-rt.jar;C:\Users\zhengguohuang\.m2\repository\org\junit\platform\junit-platform-launcher\1.7.1\junit-platform-launcher-1.7.1.jar;C:\Users\zhengguohuang\.m2\repository\org\apiguardian\apiguardian-api\1.1.0\apiguardian-api-1.1.0.jar;C:\Users\zhengguohuang\.m2\repository\org\junit\platform\junit-platform-engine\1.7.1\junit-platform-engine-1.7.1.jar;C:\Users\zhengguohuang\.m2\repository\org\opentest4j\opentest4j\1.2.0\opentest4j-1.2.0.jar;C:\Users\zhengguohuang\.m2\repository\org\junit\platform\junit-platform-commons\1.7.1\junit-platform-commons-1.7.1.jar;E:\MyPrograms\Java\jdk1.8.0_131\jre\lib\charsets.jar;E:\MyPrograms\Java\jdk1.8.0_131\jre\lib\deploy.jar;E:\MyPrograms\Java\jdk1.8.0_131\jre\lib\ext\access-bridge-64.jar;E:\MyPrograms\Java\jdk1.8.0_131\jre\lib\ext\cldrdata.jar;E:\MyPrograms\Java\jdk1.8.0_131\jre\lib\ext\dnsns.jar;E:\MyPrograms\Java\jdk1.8.0_131\jre\lib\ext\jaccess.jar;E:\MyPrograms\Java\jdk1.8.0_131\jre\lib\ext\jfxrt.jar;E:\MyPrograms\Java\jdk1.8.0_131\jre\lib\ext\localedata.jar;E:\MyPrograms\Java\jdk1.8.0_131\jre\lib\ext\nashorn.jar;E:\MyPrograms\Java\jdk1.8.0_131\jre\lib\ext\sunec.jar;E:\MyPrograms\Java\jdk1.8.0_131\jre\lib\ext\sunjce_provider.jar;E:\MyPrograms\Java\jdk1.8.0_131\jre\lib\ext\sunmscapi.jar;E:\MyPrograms\Java\jdk1.8.0_131\jre\lib\ext\sunpkcs11.jar;E:\MyPrograms\Java\jdk1.8.0_131\jre\lib\ext\zipfs.jar;E:\MyPrograms\Java\jdk1.8.0_131\jre\lib\javaws.jar;E:\MyPrograms\Java\jdk1.8.0_131\jre\lib\jce.jar;E:\MyPrograms\Java\jdk1.8.0_131\jre\lib\jfr.jar;E:\MyPrograms\Java\jdk1.8.0_131\jre\lib\jfxswt.jar;E:\MyPrograms\Java\jdk1.8.0_131\jre\lib\jsse.jar;E:\MyPrograms\Java\jdk1.8.0_131\jre\lib\management-agent.jar;E:\MyPrograms\Java\jdk1.8.0_131\jre\lib\plugin.jar;E:\MyPrograms\Java\jdk1.8.0_131\jre\lib\resources.jar;E:\MyPrograms\Java\jdk1.8.0_131\jre\lib\rt.jar;D:\CodeRepository\Java\IdeaProjects\community\target\test-classes
Launcher Type: SUN_STANDARD

Environment Variables:
JAVA_HOME=E:\MyPrograms\Java\jdk1.8.0_131
PATH=E:\MyPrograms\Snipaste;E:\OpenCV\opencv\build\x86\vc12\bin;E:\VS2013pro\VC\bin;E:\MyPrograms\Java\jdk1.8.0_131\bin;C:\ProgramData\Oracle\Java\javapath;C:\WINDOWS\system32;C:\WINDOWS;C:\WINDOWS\System32\Wbem;C:\WINDOWS\System32\WindowsPowerShell\v1.0\;C:\Program Files (x86)\Windows Kits\8.1\Windows Performance Toolkit\;E:\Git\Git\cmd;E:\mysql\bin;"E:\apache-tomcat-9.0.0.M26\lib;E:\apache-tomcat-9.0.0.M26\bin";E:\MyPrograms\hadoop-2.7.4\bin;E:\MyPrograms\hadoop-2.7.4\sbin;E:\MyPrograms\PanDownload;E:\idea\bin;E:\MyPrograms\nexus\nexus-2.14.5-02\bin;E:\MyPrograms\maven\apache-maven-3.3.9\bin;E:\EditPlus;E:\MyPrograms\protoc-2.5.0-win32;E:\nodejs\node_global;E:\MyPrograms\PanDownload;E:\LICEcap;E:\sqlite;E:\SumatraPDF;E:\Lua\5.1;E:\Lua\5.1\clibs;e:\erl10.4\bin;E:\nodejs\node-v14.15.1-win-x64;E:\Anaconda;E:\Anaconda\Scripts;E:\Anaconda\Library\bin;E:\Graphviz\bin;E:\elasticsearch-7.9.3\bin;C:\Users\zhengguohuang\.cargo\bin;C:\Users\zhengguohuang\AppData\Local\Microsoft\WindowsApps;E:\OpenCV\opencv\build\x86\vc12\bin;E:\nodejs\node_global
USERNAME=zhengguohuang
OS=Windows_NT
PROCESSOR_IDENTIFIER=Intel64 Family 6 Model 61 Stepping 4, GenuineIntel



---------------  S Y S T E M  ---------------

OS: Windows 10.0 , 64 bit Build 16299 (10.0.16299.1806)

CPU:total 4 (initial active 4) (2 cores per cpu, 2 threads per core) family 6 model 61 stepping 4, cmov, cx8, fxsr, mmx, sse, sse2, sse3, ssse3, sse4.1, sse4.2, popcnt, avx, avx2, aes, clmul, erms, 3dnowpref, lzcnt, ht, tsc, tscinvbit, bmi1, bmi2, adx

Memory: 4k page, physical 16694832k(7802028k free), swap 18791984k(5920k free)

vm_info: Java HotSpot(TM) 64-Bit Server VM (25.131-b11) for windows-amd64 JRE (1.8.0_131-b11), built on Mar 15 2017 01:23:53 by "java_re" with MS VC++ 10.0 (VS2010)

time: Fri Mar 26 18:21:04 2021
elapsed time: 20 seconds (0d 0h 0m 20s)

